# JRE version: Java(TM) SE Runtime Environment (8.0_281-b09) (build 1.8.0_281-b09)
# Java VM: Java HotSpot(TM) 64-Bit Server VM (25.281-b09 mixed mode windows-amd64 compressed oops)
Heap:
 PSYoungGen      total 133120K, used 107657K [0x00000000e0400000, 0x00000000ea780000, 0x0000000100000000)
  eden space 123904K, 79% used [0x00000000e0400000,0x00000000e6422de0,0x00000000e7d00000)
  from space 9216K, 99% used [0x00000000e7d00000,0x00000000e85ff758,0x00000000e8600000)
  to   space 10752K, 0% used [0x00000000e9d00000,0x00000000e9d00000,0x00000000ea780000)
 ParOldGen       total 69120K, used 21540K [0x00000000a0c00000, 0x00000000a4f80000, 0x00000000e0400000)
  object space 69120K, 31% used [0x00000000a0c00000,0x00000000a2109118,0x00000000a4f80000)
 Metaspace       used 47292K, capacity 49996K, committed 50176K, reserved 1093632K
  class space    used 6314K, capacity 6816K, committed 6912K, reserved 1048576K
GC Heap History (10 events):
Event: 10.620 GC heap before
{Heap before GC invocations=15 (full 2):
 PSYoungGen      total 83968K, used 3887K [0x00000000e0400000, 0x00000000e7b00000, 0x0000000100000000)
  eden space 76288K, 0% used [0x00000000e0400000,0x00000000e0400000,0x00000000e4e80000)
  from space 7680K, 50% used [0x00000000e4e80000,0x00000000e524bf98,0x00000000e5600000)
  to   space 7168K, 0% used [0x00000000e7400000,0x00000000e7400000,0x00000000e7b00000)
 ParOldGen       total 43520K, used 13972K [0x00000000a0c00000, 0x00000000a3680000, 0x00000000e0400000)
  object space 43520K, 32% used [0x00000000a0c00000,0x00000000a19a50d0,0x00000000a3680000)
 Metaspace       used 33399K, capacity 35490K, committed 35496K, reserved 1079296K
  class space    used 4475K, capacity 4859K, committed 4864K, reserved 1048576K
Event: 10.706 GC heap after
Heap after GC invocations=15 (full 2):
 PSYoungGen      total 83968K, used 0K [0x00000000e0400000, 0x00000000e7b00000, 0x0000000100000000)
  eden space 76288K, 0% used [0x00000000e0400000,0x00000000e0400000,0x00000000e4e80000)
  from space 7680K, 0% used [0x00000000e4e80000,0x00000000e4e80000,0x00000000e5600000)
  to   space 7168K, 0% used [0x00000000e7400000,0x00000000e7400000,0x00000000e7b00000)
 ParOldGen       total 69120K, used 14273K [0x00000000a0c00000, 0x00000000a4f80000, 0x00000000e0400000)
  object space 69120K, 20% used [0x00000000a0c00000,0x00000000a19f0720,0x00000000a4f80000)
 Metaspace       used 33399K, capacity 35490K, committed 35496K, reserved 1079296K
  class space    used 4475K, capacity 4859K, committed 4864K, reserved 1048576K
}
Event: 12.144 GC heap before
{Heap before GC invocations=16 (full 2):
 PSYoungGen      total 83968K, used 76288K [0x00000000e0400000, 0x00000000e7b00000, 0x0000000100000000)
  eden space 76288K, 100% used [0x00000000e0400000,0x00000000e4e80000,0x00000000e4e80000)
  from space 7680K, 0% used [0x00000000e4e80000,0x00000000e4e80000,0x00000000e5600000)
  to   space 7168K, 0% used [0x00000000e7400000,0x00000000e7400000,0x00000000e7b00000)
 ParOldGen       total 69120K, used 14273K [0x00000000a0c00000, 0x00000000a4f80000, 0x00000000e0400000)
  object space 69120K, 20% used [0x00000000a0c00000,0x00000000a19f0720,0x00000000a4f80000)
 Metaspace       used 36368K, capacity 38528K, committed 38656K, reserved 1083392K
  class space    used 4921K, capacity 5324K, committed 5376K, reserved 1048576K
Event: 12.151 GC heap after
Heap after GC invocations=16 (full 2):
 PSYoungGen      total 103936K, used 5996K [0x00000000e0400000, 0x00000000e7a00000, 0x0000000100000000)
  eden space 97792K, 0% used [0x00000000e0400000,0x00000000e0400000,0x00000000e6380000)
  from space 6144K, 97% used [0x00000000e7400000,0x00000000e79db118,0x00000000e7a00000)
  to   space 7680K, 0% used [0x00000000e6b00000,0x00000000e6b00000,0x00000000e7280000)
 ParOldGen       total 69120K, used 14281K [0x00000000a0c00000, 0x00000000a4f80000, 0x00000000e0400000)
  object space 69120K, 20% used [0x00000000a0c00000,0x00000000a19f2720,0x00000000a4f80000)
 Metaspace       used 36368K, capacity 38528K, committed 38656K, reserved 1083392K
  class space    used 4921K, capacity 5324K, committed 5376K, reserved 1048576K
}
Event: 13.574 GC heap before
{Heap before GC invocations=17 (full 2):
 PSYoungGen      total 103936K, used 103788K [0x00000000e0400000, 0x00000000e7a00000, 0x0000000100000000)
  eden space 97792K, 100% used [0x00000000e0400000,0x00000000e6380000,0x00000000e6380000)
  from space 6144K, 97% used [0x00000000e7400000,0x00000000e79db118,0x00000000e7a00000)
  to   space 7680K, 0% used [0x00000000e6b00000,0x00000000e6b00000,0x00000000e7280000)
 ParOldGen       total 69120K, used 14281K [0x00000000a0c00000, 0x00000000a4f80000, 0x00000000e0400000)
  object space 69120K, 20% used [0x00000000a0c00000,0x00000000a19f2720,0x00000000a4f80000)
 Metaspace       used 40557K, capacity 42858K, committed 43008K, reserved 1087488K
  class space    used 5379K, capacity 5815K, committed 5888K, reserved 1048576K
Event: 13.584 GC heap after
Heap after GC invocations=17 (full 2):
 PSYoungGen      total 113152K, used 7649K [0x00000000e0400000, 0x00000000e8e80000, 0x0000000100000000)
  eden space 105472K, 0% used [0x00000000e0400000,0x00000000e0400000,0x00000000e6b00000)
  from space 7680K, 99% used [0x00000000e6b00000,0x00000000e72787e8,0x00000000e7280000)
  to   space 8704K, 0% used [0x00000000e8600000,0x00000000e8600000,0x00000000e8e80000)
 ParOldGen       total 69120K, used 15336K [0x00000000a0c00000, 0x00000000a4f80000, 0x00000000e0400000)
  object space 69120K, 22% used [0x00000000a0c00000,0x00000000a1afa0a0,0x00000000a4f80000)
 Metaspace       used 40557K, capacity 42858K, committed 43008K, reserved 1087488K
  class space    used 5379K, capacity 5815K, committed 5888K, reserved 1048576K
}
Event: 14.674 GC heap before
{Heap before GC invocations=18 (full 2):
 PSYoungGen      total 113152K, used 113121K [0x00000000e0400000, 0x00000000e8e80000, 0x0000000100000000)
  eden space 105472K, 100% used [0x00000000e0400000,0x00000000e6b00000,0x00000000e6b00000)
  from space 7680K, 99% used [0x00000000e6b00000,0x00000000e72787e8,0x00000000e7280000)
  to   space 8704K, 0% used [0x00000000e8600000,0x00000000e8600000,0x00000000e8e80000)
 ParOldGen       total 69120K, used 15336K [0x00000000a0c00000, 0x00000000a4f80000, 0x00000000e0400000)
  object space 69120K, 22% used [0x00000000a0c00000,0x00000000a1afa0a0,0x00000000a4f80000)
 Metaspace       used 42403K, capacity 44840K, committed 45056K, reserved 1087488K
  class space    used 5616K, capacity 6038K, committed 6144K, reserved 1048576K
Event: 14.687 GC heap after
Heap after GC invocations=18 (full 2):
 PSYoungGen      total 132608K, used 6140K [0x00000000e0400000, 0x00000000e9a00000, 0x0000000100000000)
  eden space 123904K, 0% used [0x00000000e0400000,0x00000000e0400000,0x00000000e7d00000)
  from space 8704K, 70% used [0x00000000e8600000,0x00000000e8bff1f0,0x00000000e8e80000)
  to   space 9216K, 0% used [0x00000000e7d00000,0x00000000e7d00000,0x00000000e8600000)
 ParOldGen       total 69120K, used 20176K [0x00000000a0c00000, 0x00000000a4f80000, 0x00000000e0400000)
  object space 69120K, 29% used [0x00000000a0c00000,0x00000000a1fb4068,0x00000000a4f80000)
 Metaspace       used 42403K, capacity 44840K, committed 45056K, reserved 1087488K
  class space    used 5616K, capacity 6038K, committed 6144K, reserved 1048576K
}
Event: 18.199 GC heap before
{Heap before GC invocations=19 (full 2):
 PSYoungGen      total 132608K, used 130044K [0x00000000e0400000, 0x00000000e9a00000, 0x0000000100000000)
  eden space 123904K, 100% used [0x00000000e0400000,0x00000000e7d00000,0x00000000e7d00000)
  from space 8704K, 70% used [0x00000000e8600000,0x00000000e8bff1f0,0x00000000e8e80000)
  to   space 9216K, 0% used [0x00000000e7d00000,0x00000000e7d00000,0x00000000e8600000)
 ParOldGen       total 69120K, used 20176K [0x00000000a0c00000, 0x00000000a4f80000, 0x00000000e0400000)
  object space 69120K, 29% used [0x00000000a0c00000,0x00000000a1fb4068,0x00000000a4f80000)
 Metaspace       used 45551K, capacity 48172K, committed 48256K, reserved 1091584K
  class space    used 6037K, capacity 6510K, committed 6528K, reserved 1048576K
Event: 18.219 GC heap after
Heap after GC invocations=19 (full 2):
 PSYoungGen      total 133120K, used 9213K [0x00000000e0400000, 0x00000000ea780000, 0x0000000100000000)
  eden space 123904K, 0% used [0x00000000e0400000,0x00000000e0400000,0x00000000e7d00000)
  from space 9216K, 99% used [0x00000000e7d00000,0x00000000e85ff758,0x00000000e8600000)
  to   space 10752K, 0% used [0x00000000e9d00000,0x00000000e9d00000,0x00000000ea780000)
 ParOldGen       total 69120K, used 21540K [0x00000000a0c00000, 0x00000000a4f80000, 0x00000000e0400000)
  object space 69120K, 31% used [0x00000000a0c00000,0x00000000a2109118,0x00000000a4f80000)
 Metaspace       used 45551K, capacity 48172K, committed 48256K, reserved 1091584K
  class space    used 6037K, capacity 6510K, committed 6528K, reserved 1048576K
}

