# JRE version: Java(TM) SE Runtime Environment (8.0_281-b09) (build 1.8.0_281-b09)
# Java VM: Java HotSpot(TM) 64-Bit Server VM (25.281-b09 mixed mode windows-amd64 compressed oops)
Heap:
 PSYoungGen      total 31744K, used 5185K [0x00000000e0400000, 0x00000000e2b00000, 0x0000000100000000)
  eden space 23552K, 9% used [0x00000000e0400000,0x00000000e0641aa8,0x00000000e1b00000)
  from space 8192K, 35% used [0x00000000e1b00000,0x00000000e1dcece0,0x00000000e2300000)
  to   space 7680K, 0% used [0x00000000e2300000,0x00000000e2300000,0x00000000e2a80000)
 ParOldGen       total 46592K, used 6605K [0x00000000a0c00000, 0x00000000a3980000, 0x00000000e0400000)
  object space 46592K, 14% used [0x00000000a0c00000,0x00000000a1273508,0x00000000a3980000)
 Metaspace       used 24978K, capacity 26702K, committed 26880K, reserved 1073152K
  class space    used 3403K, capacity 3753K, committed 3840K, reserved 1048576K
GC Heap History (10 events):
Event: 7.231 GC heap before
{Heap before GC invocations=6 (full 0):
 PSYoungGen      total 28160K, used 18921K [0x00000000e0400000, 0x00000000e2a80000, 0x0000000100000000)
  eden space 24064K, 61% used [0x00000000e0400000,0x00000000e127bc48,0x00000000e1b80000)
  from space 4096K, 99% used [0x00000000e1c00000,0x00000000e1ffeb40,0x00000000e2000000)
  to   space 7680K, 0% used [0x00000000e2300000,0x00000000e2300000,0x00000000e2a80000)
 ParOldGen       total 65536K, used 5262K [0x00000000a0c00000, 0x00000000a4c00000, 0x00000000e0400000)
  object space 65536K, 8% used [0x00000000a0c00000,0x00000000a1123978,0x00000000a4c00000)
 Metaspace       used 19738K, capacity 21208K, committed 21296K, reserved 1067008K
  class space    used 2607K, capacity 2908K, committed 2944K, reserved 1048576K
Event: 7.243 GC heap after
Heap after GC invocations=6 (full 0):
 PSYoungGen      total 31232K, used 6046K [0x00000000e0400000, 0x00000000e2b00000, 0x0000000100000000)
  eden space 23552K, 0% used [0x00000000e0400000,0x00000000e0400000,0x00000000e1b00000)
  from space 7680K, 78% used [0x00000000e2300000,0x00000000e28e7958,0x00000000e2a80000)
  to   space 8192K, 0% used [0x00000000e1b00000,0x00000000e1b00000,0x00000000e2300000)
 ParOldGen       total 65536K, used 5334K [0x00000000a0c00000, 0x00000000a4c00000, 0x00000000e0400000)
  object space 65536K, 8% used [0x00000000a0c00000,0x00000000a1135988,0x00000000a4c00000)
 Metaspace       used 19738K, capacity 21208K, committed 21296K, reserved 1067008K
  class space    used 2607K, capacity 2908K, committed 2944K, reserved 1048576K
}
Event: 7.243 GC heap before
{Heap before GC invocations=7 (full 1):
 PSYoungGen      total 31232K, used 6046K [0x00000000e0400000, 0x00000000e2b00000, 0x0000000100000000)
  eden space 23552K, 0% used [0x00000000e0400000,0x00000000e0400000,0x00000000e1b00000)
  from space 7680K, 78% used [0x00000000e2300000,0x00000000e28e7958,0x00000000e2a80000)
  to   space 8192K, 0% used [0x00000000e1b00000,0x00000000e1b00000,0x00000000e2300000)
 ParOldGen       total 65536K, used 5334K [0x00000000a0c00000, 0x00000000a4c00000, 0x00000000e0400000)
  object space 65536K, 8% used [0x00000000a0c00000,0x00000000a1135988,0x00000000a4c00000)
 Metaspace       used 19738K, capacity 21208K, committed 21296K, reserved 1067008K
  class space    used 2607K, capacity 2908K, committed 2944K, reserved 1048576K
Event: 7.301 GC heap after
Heap after GC invocations=7 (full 1):
 PSYoungGen      total 31232K, used 0K [0x00000000e0400000, 0x00000000e2b00000, 0x0000000100000000)
  eden space 23552K, 0% used [0x00000000e0400000,0x00000000e0400000,0x00000000e1b00000)
  from space 7680K, 0% used [0x00000000e2300000,0x00000000e2300000,0x00000000e2a80000)
  to   space 8192K, 0% used [0x00000000e1b00000,0x00000000e1b00000,0x00000000e2300000)
 ParOldGen       total 46592K, used 6597K [0x00000000a0c00000, 0x00000000a3980000, 0x00000000e0400000)
  object space 46592K, 14% used [0x00000000a0c00000,0x00000000a1271508,0x00000000a3980000)
 Metaspace       used 19738K, capacity 21208K, committed 21296K, reserved 1067008K
  class space    used 2607K, capacity 2908K, committed 2944K, reserved 1048576K
}
Event: 8.233 GC heap before
{Heap before GC invocations=8 (full 1):
 PSYoungGen      total 31232K, used 23552K [0x00000000e0400000, 0x00000000e2b00000, 0x0000000100000000)
  eden space 23552K, 100% used [0x00000000e0400000,0x00000000e1b00000,0x00000000e1b00000)
  from space 7680K, 0% used [0x00000000e2300000,0x00000000e2300000,0x00000000e2a80000)
  to   space 8192K, 0% used [0x00000000e1b00000,0x00000000e1b00000,0x00000000e2300000)
 ParOldGen       total 46592K, used 6597K [0x00000000a0c00000, 0x00000000a3980000, 0x00000000e0400000)
  object space 46592K, 14% used [0x00000000a0c00000,0x00000000a1271508,0x00000000a3980000)
 Metaspace       used 22678K, capacity 24262K, committed 24320K, reserved 1071104K
  class space    used 3036K, capacity 3315K, committed 3328K, reserved 1048576K
Event: 8.238 GC heap after
Heap after GC invocations=8 (full 1):
 PSYoungGen      total 31744K, used 2691K [0x00000000e0400000, 0x00000000e2b00000, 0x0000000100000000)
  eden space 23552K, 0% used [0x00000000e0400000,0x00000000e0400000,0x00000000e1b00000)
  from space 8192K, 32% used [0x00000000e1b00000,0x00000000e1da0c78,0x00000000e2300000)
  to   space 7680K, 0% used [0x00000000e2300000,0x00000000e2300000,0x00000000e2a80000)
 ParOldGen       total 46592K, used 6605K [0x00000000a0c00000, 0x00000000a3980000, 0x00000000e0400000)
  object space 46592K, 14% used [0x00000000a0c00000,0x00000000a1273508,0x00000000a3980000)
 Metaspace       used 22678K, capacity 24262K, committed 24320K, reserved 1071104K
  class space    used 3036K, capacity 3315K, committed 3328K, reserved 1048576K
}
Event: 8.568 GC heap before
{Heap before GC invocations=9 (full 1):
 PSYoungGen      total 31744K, used 26243K [0x00000000e0400000, 0x00000000e2b00000, 0x0000000100000000)
  eden space 23552K, 100% used [0x00000000e0400000,0x00000000e1b00000,0x00000000e1b00000)
  from space 8192K, 32% used [0x00000000e1b00000,0x00000000e1da0c78,0x00000000e2300000)
  to   space 7680K, 0% used [0x00000000e2300000,0x00000000e2300000,0x00000000e2a80000)
 ParOldGen       total 46592K, used 6605K [0x00000000a0c00000, 0x00000000a3980000, 0x00000000e0400000)
  object space 46592K, 14% used [0x00000000a0c00000,0x00000000a1273508,0x00000000a3980000)
 Metaspace       used 23976K, capacity 25654K, committed 25856K, reserved 1071104K
  class space    used 3225K, capacity 3561K, committed 3584K, reserved 1048576K
Event: 8.573 GC heap after
Heap after GC invocations=9 (full 1):
 PSYoungGen      total 31232K, used 2778K [0x00000000e0400000, 0x00000000e2b00000, 0x0000000100000000)
  eden space 23552K, 0% used [0x00000000e0400000,0x00000000e0400000,0x00000000e1b00000)
  from space 7680K, 36% used [0x00000000e2300000,0x00000000e25b6b78,0x00000000e2a80000)
  to   space 8192K, 0% used [0x00000000e1b00000,0x00000000e1b00000,0x00000000e2300000)
 ParOldGen       total 46592K, used 6605K [0x00000000a0c00000, 0x00000000a3980000, 0x00000000e0400000)
  object space 46592K, 14% used [0x00000000a0c00000,0x00000000a1273508,0x00000000a3980000)
 Metaspace       used 23976K, capacity 25654K, committed 25856K, reserved 1071104K
  class space    used 3225K, capacity 3561K, committed 3584K, reserved 1048576K
}
Event: 8.875 GC heap before
{Heap before GC invocations=10 (full 1):
 PSYoungGen      total 31232K, used 26330K [0x00000000e0400000, 0x00000000e2b00000, 0x0000000100000000)
  eden space 23552K, 100% used [0x00000000e0400000,0x00000000e1b00000,0x00000000e1b00000)
  from space 7680K, 36% used [0x00000000e2300000,0x00000000e25b6b78,0x00000000e2a80000)
  to   space 8192K, 0% used [0x00000000e1b00000,0x00000000e1b00000,0x00000000e2300000)
 ParOldGen       total 46592K, used 6605K [0x00000000a0c00000, 0x00000000a3980000, 0x00000000e0400000)
  object space 46592K, 14% used [0x00000000a0c00000,0x00000000a1273508,0x00000000a3980000)
 Metaspace       used 24925K, capacity 26638K, committed 26880K, reserved 1073152K
  class space    used 3391K, capacity 3753K, committed 3840K, reserved 1048576K
Event: 8.883 GC heap after
Heap after GC invocations=10 (full 1):
 PSYoungGen      total 31744K, used 2875K [0x00000000e0400000, 0x00000000e2b00000, 0x0000000100000000)
  eden space 23552K, 0% used [0x00000000e0400000,0x00000000e0400000,0x00000000e1b00000)
  from space 8192K, 35% used [0x00000000e1b00000,0x00000000e1dcece0,0x00000000e2300000)
  to   space 7680K, 0% used [0x00000000e2300000,0x00000000e2300000,0x00000000e2a80000)
 ParOldGen       total 46592K, used 6605K [0x00000000a0c00000, 0x00000000a3980000, 0x00000000e0400000)
  object space 46592K, 14% used [0x00000000a0c00000,0x00000000a1273508,0x00000000a3980000)
 Metaspace       used 24925K, capacity 26638K, committed 26880K, reserved 1073152K
  class space    used 3391K, capacity 3753K, committed 3840K, reserved 1048576K
}

