# JRE version: Java(TM) SE Runtime Environment (8.0_281-b09) (build 1.8.0_281-b09)
# Java VM: Java HotSpot(TM) 64-Bit Server VM (25.281-b09 mixed mode windows-amd64 compressed oops)
Heap:
 PSYoungGen      total 281088K, used 185513K [0x00000000e0400000, 0x00000000f4c80000, 0x0000000100000000)
  eden space 267264K, 64% used [0x00000000e0400000,0x00000000eabab8d8,0x00000000f0900000)
  from space 13824K, 99% used [0x00000000f0900000,0x00000000f167ebb0,0x00000000f1680000)
  to   space 17920K, 0% used [0x00000000f3b00000,0x00000000f3b00000,0x00000000f4c80000)
 ParOldGen       total 112640K, used 45456K [0x00000000a0c00000, 0x00000000a7a00000, 0x00000000e0400000)
  object space 112640K, 40% used [0x00000000a0c00000,0x00000000a3864380,0x00000000a7a00000)
 Metaspace       used 68328K, capacity 72674K, committed 72960K, reserved 1112064K
  class space    used 9415K, capacity 10175K, committed 10240K, reserved 1048576K
GC Heap History (10 events):
Event: 28.537 GC heap before
{Heap before GC invocations=24 (full 2):
 PSYoungGen      total 197632K, used 188724K [0x00000000e0400000, 0x00000000efe00000, 0x0000000100000000)
  eden space 182784K, 100% used [0x00000000e0400000,0x00000000eb680000,0x00000000eb680000)
  from space 14848K, 40% used [0x00000000eb680000,0x00000000ebc4d0a0,0x00000000ec500000)
  to   space 14336K, 0% used [0x00000000ef000000,0x00000000ef000000,0x00000000efe00000)
 ParOldGen       total 66560K, used 49785K [0x00000000a0c00000, 0x00000000a4d00000, 0x00000000e0400000)
  object space 66560K, 74% used [0x00000000a0c00000,0x00000000a3c9e5b0,0x00000000a4d00000)
 Metaspace       used 51564K, capacity 54834K, committed 55168K, reserved 1097728K
  class space    used 6883K, capacity 7473K, committed 7552K, reserved 1048576K
Event: 28.552 GC heap after
Heap after GC invocations=24 (full 2):
 PSYoungGen      total 234496K, used 7443K [0x00000000e0400000, 0x00000000efa00000, 0x0000000100000000)
  eden space 224256K, 0% used [0x00000000e0400000,0x00000000e0400000,0x00000000edf00000)
  from space 10240K, 72% used [0x00000000ef000000,0x00000000ef744d08,0x00000000efa00000)
  to   space 13824K, 0% used [0x00000000edf00000,0x00000000edf00000,0x00000000eec80000)
 ParOldGen       total 66560K, used 54801K [0x00000000a0c00000, 0x00000000a4d00000, 0x00000000e0400000)
  object space 66560K, 82% used [0x00000000a0c00000,0x00000000a41844a0,0x00000000a4d00000)
 Metaspace       used 51564K, capacity 54834K, committed 55168K, reserved 1097728K
  class space    used 6883K, capacity 7473K, committed 7552K, reserved 1048576K
}
Event: 31.398 GC heap before
{Heap before GC invocations=25 (full 2):
 PSYoungGen      total 234496K, used 231699K [0x00000000e0400000, 0x00000000efa00000, 0x0000000100000000)
  eden space 224256K, 100% used [0x00000000e0400000,0x00000000edf00000,0x00000000edf00000)
  from space 10240K, 72% used [0x00000000ef000000,0x00000000ef744d08,0x00000000efa00000)
  to   space 13824K, 0% used [0x00000000edf00000,0x00000000edf00000,0x00000000eec80000)
 ParOldGen       total 66560K, used 54801K [0x00000000a0c00000, 0x00000000a4d00000, 0x00000000e0400000)
  object space 66560K, 82% used [0x00000000a0c00000,0x00000000a41844a0,0x00000000a4d00000)
 Metaspace       used 53258K, capacity 56700K, committed 56960K, reserved 1097728K
  class space    used 7097K, capacity 7734K, committed 7808K, reserved 1048576K
Event: 31.413 GC heap after
Heap after GC invocations=25 (full 2):
 PSYoungGen      total 238080K, used 7904K [0x00000000e0400000, 0x00000000f2800000, 0x0000000100000000)
  eden space 224256K, 0% used [0x00000000e0400000,0x00000000e0400000,0x00000000edf00000)
  from space 13824K, 57% used [0x00000000edf00000,0x00000000ee6b8070,0x00000000eec80000)
  to   space 13312K, 0% used [0x00000000f1b00000,0x00000000f1b00000,0x00000000f2800000)
 ParOldGen       total 66560K, used 57837K [0x00000000a0c00000, 0x00000000a4d00000, 0x00000000e0400000)
  object space 66560K, 86% used [0x00000000a0c00000,0x00000000a447b4c0,0x00000000a4d00000)
 Metaspace       used 53258K, capacity 56700K, committed 56960K, reserved 1097728K
  class space    used 7097K, capacity 7734K, committed 7808K, reserved 1048576K
}
Event: 31.413 GC heap before
{Heap before GC invocations=26 (full 3):
 PSYoungGen      total 238080K, used 7904K [0x00000000e0400000, 0x00000000f2800000, 0x0000000100000000)
  eden space 224256K, 0% used [0x00000000e0400000,0x00000000e0400000,0x00000000edf00000)
  from space 13824K, 57% used [0x00000000edf00000,0x00000000ee6b8070,0x00000000eec80000)
  to   space 13312K, 0% used [0x00000000f1b00000,0x00000000f1b00000,0x00000000f2800000)
 ParOldGen       total 66560K, used 57837K [0x00000000a0c00000, 0x00000000a4d00000, 0x00000000e0400000)
  object space 66560K, 86% used [0x00000000a0c00000,0x00000000a447b4c0,0x00000000a4d00000)
 Metaspace       used 53258K, capacity 56700K, committed 56960K, reserved 1097728K
  class space    used 7097K, capacity 7734K, committed 7808K, reserved 1048576K
Event: 31.726 GC heap after
Heap after GC invocations=26 (full 3):
 PSYoungGen      total 238080K, used 0K [0x00000000e0400000, 0x00000000f2800000, 0x0000000100000000)
  eden space 224256K, 0% used [0x00000000e0400000,0x00000000e0400000,0x00000000edf00000)
  from space 13824K, 0% used [0x00000000edf00000,0x00000000edf00000,0x00000000eec80000)
  to   space 13312K, 0% used [0x00000000f1b00000,0x00000000f1b00000,0x00000000f2800000)
 ParOldGen       total 112640K, used 38347K [0x00000000a0c00000, 0x00000000a7a00000, 0x00000000e0400000)
  object space 112640K, 34% used [0x00000000a0c00000,0x00000000a3172d98,0x00000000a7a00000)
 Metaspace       used 53258K, capacity 56700K, committed 56960K, reserved 1097728K
  class space    used 7097K, capacity 7734K, committed 7808K, reserved 1048576K
}
Event: 34.781 GC heap before
{Heap before GC invocations=27 (full 3):
 PSYoungGen      total 238080K, used 224256K [0x00000000e0400000, 0x00000000f2800000, 0x0000000100000000)
  eden space 224256K, 100% used [0x00000000e0400000,0x00000000edf00000,0x00000000edf00000)
  from space 13824K, 0% used [0x00000000edf00000,0x00000000edf00000,0x00000000eec80000)
  to   space 13312K, 0% used [0x00000000f1b00000,0x00000000f1b00000,0x00000000f2800000)
 ParOldGen       total 112640K, used 38347K [0x00000000a0c00000, 0x00000000a7a00000, 0x00000000e0400000)
  object space 112640K, 34% used [0x00000000a0c00000,0x00000000a3172d98,0x00000000a7a00000)
 Metaspace       used 54826K, capacity 58458K, committed 58752K, reserved 1099776K
  class space    used 7350K, capacity 7991K, committed 8064K, reserved 1048576K
Event: 34.795 GC heap after
Heap after GC invocations=27 (full 3):
 PSYoungGen      total 272384K, used 8934K [0x00000000e0400000, 0x00000000f2400000, 0x0000000100000000)
  eden space 263168K, 0% used [0x00000000e0400000,0x00000000e0400000,0x00000000f0500000)
  from space 9216K, 96% used [0x00000000f1b00000,0x00000000f23b9940,0x00000000f2400000)
  to   space 13824K, 0% used [0x00000000f0900000,0x00000000f0900000,0x00000000f1680000)
 ParOldGen       total 112640K, used 38347K [0x00000000a0c00000, 0x00000000a7a00000, 0x00000000e0400000)
  object space 112640K, 34% used [0x00000000a0c00000,0x00000000a3172d98,0x00000000a7a00000)
 Metaspace       used 54826K, capacity 58458K, committed 58752K, reserved 1099776K
  class space    used 7350K, capacity 7991K, committed 8064K, reserved 1048576K
}
Event: 46.666 GC heap before
{Heap before GC invocations=28 (full 3):
 PSYoungGen      total 272384K, used 272102K [0x00000000e0400000, 0x00000000f2400000, 0x0000000100000000)
  eden space 263168K, 100% used [0x00000000e0400000,0x00000000f0500000,0x00000000f0500000)
  from space 9216K, 96% used [0x00000000f1b00000,0x00000000f23b9940,0x00000000f2400000)
  to   space 13824K, 0% used [0x00000000f0900000,0x00000000f0900000,0x00000000f1680000)
 ParOldGen       total 112640K, used 38347K [0x00000000a0c00000, 0x00000000a7a00000, 0x00000000e0400000)
  object space 112640K, 34% used [0x00000000a0c00000,0x00000000a3172d98,0x00000000a7a00000)
 Metaspace       used 67504K, capacity 71770K, committed 72064K, reserved 1112064K
  class space    used 9266K, capacity 9999K, committed 10112K, reserved 1048576K
Event: 46.833 GC heap after
Heap after GC invocations=28 (full 3):
 PSYoungGen      total 281088K, used 13818K [0x00000000e0400000, 0x00000000f4c80000, 0x0000000100000000)
  eden space 267264K, 0% used [0x00000000e0400000,0x00000000e0400000,0x00000000f0900000)
  from space 13824K, 99% used [0x00000000f0900000,0x00000000f167ebb0,0x00000000f1680000)
  to   space 17920K, 0% used [0x00000000f3b00000,0x00000000f3b00000,0x00000000f4c80000)
 ParOldGen       total 112640K, used 45456K [0x00000000a0c00000, 0x00000000a7a00000, 0x00000000e0400000)
  object space 112640K, 40% used [0x00000000a0c00000,0x00000000a3864380,0x00000000a7a00000)
 Metaspace       used 67504K, capacity 71770K, committed 72064K, reserved 1112064K
  class space    used 9266K, capacity 9999K, committed 10112K, reserved 1048576K
}

