# JRE version: Java(TM) SE Runtime Environment (8.0_281-b09) (build 1.8.0_281-b09)
# Java VM: Java HotSpot(TM) 64-Bit Server VM (25.281-b09 mixed mode windows-amd64 compressed oops)
Heap:
 PSYoungGen      total 324096K, used 97767K [0x00000000e0400000, 0x00000000f6180000, 0x0000000100000000)
  eden space 309760K, 26% used [0x00000000e0400000,0x00000000e557a828,0x00000000f3280000)
  from space 14336K, 99% used [0x00000000f5380000,0x00000000f617f7c0,0x00000000f6180000)
  to   space 16896K, 0% used [0x00000000f4080000,0x00000000f4080000,0x00000000f5100000)
 ParOldGen       total 92672K, used 30345K [0x00000000a0c00000, 0x00000000a6680000, 0x00000000e0400000)
  object space 92672K, 32% used [0x00000000a0c00000,0x00000000a29a24b8,0x00000000a6680000)
 Metaspace       used 66024K, capacity 69954K, committed 70296K, reserved 1114112K
  class space    used 9115K, capacity 9783K, committed 9896K, reserved 1048576K
GC Heap History (10 events):
Event: 22.021 GC heap before
{Heap before GC invocations=17 (full 2):
 PSYoungGen      total 207360K, used 207350K [0x00000000e0400000, 0x00000000ee600000, 0x0000000100000000)
  eden space 199168K, 100% used [0x00000000e0400000,0x00000000ec680000,0x00000000ec680000)
  from space 8192K, 99% used [0x00000000ede00000,0x00000000ee5fd820,0x00000000ee600000)
  to   space 10240K, 0% used [0x00000000ed200000,0x00000000ed200000,0x00000000edc00000)
 ParOldGen       total 61952K, used 16687K [0x00000000a0c00000, 0x00000000a4880000, 0x00000000e0400000)
  object space 61952K, 26% used [0x00000000a0c00000,0x00000000a1c4bcd0,0x00000000a4880000)
 Metaspace       used 44182K, capacity 46792K, committed 47016K, reserved 1089536K
  class space    used 5991K, capacity 6492K, committed 6568K, reserved 1048576K
Event: 22.144 GC heap after
Heap after GC invocations=17 (full 2):
 PSYoungGen      total 221184K, used 8853K [0x00000000e0400000, 0x00000000f2180000, 0x0000000100000000)
  eden space 210944K, 0% used [0x00000000e0400000,0x00000000e0400000,0x00000000ed200000)
  from space 10240K, 86% used [0x00000000ed200000,0x00000000edaa56a0,0x00000000edc00000)
  to   space 10752K, 0% used [0x00000000f1700000,0x00000000f1700000,0x00000000f2180000)
 ParOldGen       total 61952K, used 20703K [0x00000000a0c00000, 0x00000000a4880000, 0x00000000e0400000)
  object space 61952K, 33% used [0x00000000a0c00000,0x00000000a2037d20,0x00000000a4880000)
 Metaspace       used 44182K, capacity 46792K, committed 47016K, reserved 1089536K
  class space    used 5991K, capacity 6492K, committed 6568K, reserved 1048576K
}
Event: 27.188 GC heap before
{Heap before GC invocations=18 (full 2):
 PSYoungGen      total 221184K, used 219797K [0x00000000e0400000, 0x00000000f2180000, 0x0000000100000000)
  eden space 210944K, 100% used [0x00000000e0400000,0x00000000ed200000,0x00000000ed200000)
  from space 10240K, 86% used [0x00000000ed200000,0x00000000edaa56a0,0x00000000edc00000)
  to   space 10752K, 0% used [0x00000000f1700000,0x00000000f1700000,0x00000000f2180000)
 ParOldGen       total 61952K, used 20703K [0x00000000a0c00000, 0x00000000a4880000, 0x00000000e0400000)
  object space 61952K, 33% used [0x00000000a0c00000,0x00000000a2037d20,0x00000000a4880000)
 Metaspace       used 52840K, capacity 55638K, committed 55848K, reserved 1097728K
  class space    used 7172K, capacity 7713K, committed 7720K, reserved 1048576K
Event: 27.226 GC heap after
Heap after GC invocations=18 (full 2):
 PSYoungGen      total 278016K, used 10748K [0x00000000e0400000, 0x00000000f3400000, 0x0000000100000000)
  eden space 267264K, 0% used [0x00000000e0400000,0x00000000e0400000,0x00000000f0900000)
  from space 10752K, 99% used [0x00000000f1700000,0x00000000f217f1b8,0x00000000f2180000)
  to   space 14336K, 0% used [0x00000000f0900000,0x00000000f0900000,0x00000000f1700000)
 ParOldGen       total 61952K, used 26286K [0x00000000a0c00000, 0x00000000a4880000, 0x00000000e0400000)
  object space 61952K, 42% used [0x00000000a0c00000,0x00000000a25abad0,0x00000000a4880000)
 Metaspace       used 52840K, capacity 55638K, committed 55848K, reserved 1097728K
  class space    used 7172K, capacity 7713K, committed 7720K, reserved 1048576K
}
Event: 28.170 GC heap before
{Heap before GC invocations=19 (full 2):
 PSYoungGen      total 278016K, used 82371K [0x00000000e0400000, 0x00000000f3400000, 0x0000000100000000)
  eden space 267264K, 26% used [0x00000000e0400000,0x00000000e49f1ad8,0x00000000f0900000)
  from space 10752K, 99% used [0x00000000f1700000,0x00000000f217f1b8,0x00000000f2180000)
  to   space 14336K, 0% used [0x00000000f0900000,0x00000000f0900000,0x00000000f1700000)
 ParOldGen       total 61952K, used 26286K [0x00000000a0c00000, 0x00000000a4880000, 0x00000000e0400000)
  object space 61952K, 42% used [0x00000000a0c00000,0x00000000a25abad0,0x00000000a4880000)
 Metaspace       used 56245K, capacity 59080K, committed 59160K, reserved 1099776K
  class space    used 7643K, capacity 8190K, committed 8232K, reserved 1048576K
Event: 28.184 GC heap after
Heap after GC invocations=19 (full 2):
 PSYoungGen      total 281600K, used 3594K [0x00000000e0400000, 0x00000000f6180000, 0x0000000100000000)
  eden space 267264K, 0% used [0x00000000e0400000,0x00000000e0400000,0x00000000f0900000)
  from space 14336K, 25% used [0x00000000f0900000,0x00000000f0c82be0,0x00000000f1700000)
  to   space 14336K, 0% used [0x00000000f5380000,0x00000000f5380000,0x00000000f6180000)
 ParOldGen       total 61952K, used 31242K [0x00000000a0c00000, 0x00000000a4880000, 0x00000000e0400000)
  object space 61952K, 50% used [0x00000000a0c00000,0x00000000a2a829e0,0x00000000a4880000)
 Metaspace       used 56245K, capacity 59080K, committed 59160K, reserved 1099776K
  class space    used 7643K, capacity 8190K, committed 8232K, reserved 1048576K
}
Event: 28.184 GC heap before
{Heap before GC invocations=20 (full 3):
 PSYoungGen      total 281600K, used 3594K [0x00000000e0400000, 0x00000000f6180000, 0x0000000100000000)
  eden space 267264K, 0% used [0x00000000e0400000,0x00000000e0400000,0x00000000f0900000)
  from space 14336K, 25% used [0x00000000f0900000,0x00000000f0c82be0,0x00000000f1700000)
  to   space 14336K, 0% used [0x00000000f5380000,0x00000000f5380000,0x00000000f6180000)
 ParOldGen       total 61952K, used 31242K [0x00000000a0c00000, 0x00000000a4880000, 0x00000000e0400000)
  object space 61952K, 50% used [0x00000000a0c00000,0x00000000a2a829e0,0x00000000a4880000)
 Metaspace       used 56245K, capacity 59080K, committed 59160K, reserved 1099776K
  class space    used 7643K, capacity 8190K, committed 8232K, reserved 1048576K
Event: 28.588 GC heap after
Heap after GC invocations=20 (full 3):
 PSYoungGen      total 281600K, used 0K [0x00000000e0400000, 0x00000000f6180000, 0x0000000100000000)
  eden space 267264K, 0% used [0x00000000e0400000,0x00000000e0400000,0x00000000f0900000)
  from space 14336K, 0% used [0x00000000f0900000,0x00000000f0900000,0x00000000f1700000)
  to   space 14336K, 0% used [0x00000000f5380000,0x00000000f5380000,0x00000000f6180000)
 ParOldGen       total 92672K, used 28260K [0x00000000a0c00000, 0x00000000a6680000, 0x00000000e0400000)
  object space 92672K, 30% used [0x00000000a0c00000,0x00000000a2799180,0x00000000a6680000)
 Metaspace       used 56245K, capacity 59080K, committed 59160K, reserved 1099776K
  class space    used 7643K, capacity 8190K, committed 8232K, reserved 1048576K
}
Event: 34.831 GC heap before
{Heap before GC invocations=21 (full 3):
 PSYoungGen      total 281600K, used 267264K [0x00000000e0400000, 0x00000000f6180000, 0x0000000100000000)
  eden space 267264K, 100% used [0x00000000e0400000,0x00000000f0900000,0x00000000f0900000)
  from space 14336K, 0% used [0x00000000f0900000,0x00000000f0900000,0x00000000f1700000)
  to   space 14336K, 0% used [0x00000000f5380000,0x00000000f5380000,0x00000000f6180000)
 ParOldGen       total 92672K, used 28260K [0x00000000a0c00000, 0x00000000a6680000, 0x00000000e0400000)
  object space 92672K, 30% used [0x00000000a0c00000,0x00000000a2799180,0x00000000a6680000)
 Metaspace       used 65050K, capacity 68818K, committed 69016K, reserved 1107968K
  class space    used 8943K, capacity 9593K, committed 9640K, reserved 1048576K
Event: 34.861 GC heap after
Heap after GC invocations=21 (full 3):
 PSYoungGen      total 324096K, used 14333K [0x00000000e0400000, 0x00000000f6180000, 0x0000000100000000)
  eden space 309760K, 0% used [0x00000000e0400000,0x00000000e0400000,0x00000000f3280000)
  from space 14336K, 99% used [0x00000000f5380000,0x00000000f617f7c0,0x00000000f6180000)
  to   space 16896K, 0% used [0x00000000f4080000,0x00000000f4080000,0x00000000f5100000)
 ParOldGen       total 92672K, used 30345K [0x00000000a0c00000, 0x00000000a6680000, 0x00000000e0400000)
  object space 92672K, 32% used [0x00000000a0c00000,0x00000000a29a24b8,0x00000000a6680000)
 Metaspace       used 65050K, capacity 68818K, committed 69016K, reserved 1107968K
  class space    used 8943K, capacity 9593K, committed 9640K, reserved 1048576K
}

