# JRE version: Java(TM) SE Runtime Environment (8.0_281-b09) (build 1.8.0_281-b09)
# Java VM: Java HotSpot(TM) 64-Bit Server VM (25.281-b09 mixed mode windows-amd64 compressed oops)
Heap:
 PSYoungGen      total 74240K, used 13002K [0x00000000e0400000, 0x00000000e6b80000, 0x0000000100000000)
  eden space 66560K, 19% used [0x00000000e0400000,0x00000000e10b2888,0x00000000e4500000)
  from space 7680K, 0% used [0x00000000e4500000,0x00000000e4500000,0x00000000e4c80000)
  to   space 7680K, 0% used [0x00000000e6400000,0x00000000e6400000,0x00000000e6b80000)
 ParOldGen       total 46080K, used 10804K [0x00000000a0c00000, 0x00000000a3900000, 0x00000000e0400000)
  object space 46080K, 23% used [0x00000000a0c00000,0x00000000a168d240,0x00000000a3900000)
 Metaspace       used 34381K, capacity 36464K, committed 36608K, reserved 1081344K
  class space    used 4731K, capacity 5112K, committed 5120K, reserved 1048576K
GC Heap History (10 events):
Event: 6.965 GC heap before
{Heap before GC invocations=11 (full 1):
 PSYoungGen      total 43520K, used 39046K [0x00000000e0400000, 0x00000000e4300000, 0x0000000100000000)
  eden space 35328K, 100% used [0x00000000e0400000,0x00000000e2680000,0x00000000e2680000)
  from space 8192K, 45% used [0x00000000e2680000,0x00000000e2a21b90,0x00000000e2e80000)
  to   space 7680K, 0% used [0x00000000e3b80000,0x00000000e3b80000,0x00000000e4300000)
 ParOldGen       total 46080K, used 6753K [0x00000000a0c00000, 0x00000000a3900000, 0x00000000e0400000)
  object space 46080K, 14% used [0x00000000a0c00000,0x00000000a1298428,0x00000000a3900000)
 Metaspace       used 26424K, capacity 28290K, committed 28416K, reserved 1073152K
  class space    used 3653K, capacity 4015K, committed 4096K, reserved 1048576K
Event: 6.971 GC heap after
Heap after GC invocations=11 (full 1):
 PSYoungGen      total 56832K, used 2794K [0x00000000e0400000, 0x00000000e4380000, 0x0000000100000000)
  eden space 49152K, 0% used [0x00000000e0400000,0x00000000e0400000,0x00000000e3400000)
  from space 7680K, 36% used [0x00000000e3b80000,0x00000000e3e3a900,0x00000000e4300000)
  to   space 7680K, 0% used [0x00000000e3400000,0x00000000e3400000,0x00000000e3b80000)
 ParOldGen       total 46080K, used 7961K [0x00000000a0c00000, 0x00000000a3900000, 0x00000000e0400000)
  object space 46080K, 17% used [0x00000000a0c00000,0x00000000a13c6640,0x00000000a3900000)
 Metaspace       used 26424K, capacity 28290K, committed 28416K, reserved 1073152K
  class space    used 3653K, capacity 4015K, committed 4096K, reserved 1048576K
}
Event: 9.597 GC heap before
{Heap before GC invocations=12 (full 1):
 PSYoungGen      total 56832K, used 51946K [0x00000000e0400000, 0x00000000e4380000, 0x0000000100000000)
  eden space 49152K, 100% used [0x00000000e0400000,0x00000000e3400000,0x00000000e3400000)
  from space 7680K, 36% used [0x00000000e3b80000,0x00000000e3e3a900,0x00000000e4300000)
  to   space 7680K, 0% used [0x00000000e3400000,0x00000000e3400000,0x00000000e3b80000)
 ParOldGen       total 46080K, used 7961K [0x00000000a0c00000, 0x00000000a3900000, 0x00000000e0400000)
  object space 46080K, 17% used [0x00000000a0c00000,0x00000000a13c6640,0x00000000a3900000)
 Metaspace       used 30362K, capacity 32290K, committed 32384K, reserved 1077248K
  class space    used 4111K, capacity 4477K, committed 4480K, reserved 1048576K
Event: 9.606 GC heap after
Heap after GC invocations=12 (full 1):
 PSYoungGen      total 56832K, used 5600K [0x00000000e0400000, 0x00000000e5580000, 0x0000000100000000)
  eden space 49152K, 0% used [0x00000000e0400000,0x00000000e0400000,0x00000000e3400000)
  from space 7680K, 72% used [0x00000000e3400000,0x00000000e3978170,0x00000000e3b80000)
  to   space 8192K, 0% used [0x00000000e4d80000,0x00000000e4d80000,0x00000000e5580000)
 ParOldGen       total 46080K, used 8965K [0x00000000a0c00000, 0x00000000a3900000, 0x00000000e0400000)
  object space 46080K, 19% used [0x00000000a0c00000,0x00000000a14c1680,0x00000000a3900000)
 Metaspace       used 30362K, capacity 32290K, committed 32384K, reserved 1077248K
  class space    used 4111K, capacity 4477K, committed 4480K, reserved 1048576K
}
Event: 10.508 GC heap before
{Heap before GC invocations=13 (full 1):
 PSYoungGen      total 56832K, used 54752K [0x00000000e0400000, 0x00000000e5580000, 0x0000000100000000)
  eden space 49152K, 100% used [0x00000000e0400000,0x00000000e3400000,0x00000000e3400000)
  from space 7680K, 72% used [0x00000000e3400000,0x00000000e3978170,0x00000000e3b80000)
  to   space 8192K, 0% used [0x00000000e4d80000,0x00000000e4d80000,0x00000000e5580000)
 ParOldGen       total 46080K, used 8965K [0x00000000a0c00000, 0x00000000a3900000, 0x00000000e0400000)
  object space 46080K, 19% used [0x00000000a0c00000,0x00000000a14c1680,0x00000000a3900000)
 Metaspace       used 32552K, capacity 34656K, committed 34816K, reserved 1079296K
  class space    used 4413K, capacity 4816K, committed 4864K, reserved 1048576K
Event: 10.515 GC heap after
Heap after GC invocations=13 (full 1):
 PSYoungGen      total 73216K, used 4424K [0x00000000e0400000, 0x00000000e5400000, 0x0000000100000000)
  eden space 66560K, 0% used [0x00000000e0400000,0x00000000e0400000,0x00000000e4500000)
  from space 6656K, 66% used [0x00000000e4d80000,0x00000000e51d2148,0x00000000e5400000)
  to   space 7680K, 0% used [0x00000000e4500000,0x00000000e4500000,0x00000000e4c80000)
 ParOldGen       total 46080K, used 10569K [0x00000000a0c00000, 0x00000000a3900000, 0x00000000e0400000)
  object space 46080K, 22% used [0x00000000a0c00000,0x00000000a16526b0,0x00000000a3900000)
 Metaspace       used 32552K, capacity 34656K, committed 34816K, reserved 1079296K
  class space    used 4413K, capacity 4816K, committed 4864K, reserved 1048576K
}
Event: 10.709 GC heap before
{Heap before GC invocations=14 (full 1):
 PSYoungGen      total 73216K, used 13851K [0x00000000e0400000, 0x00000000e5400000, 0x0000000100000000)
  eden space 66560K, 14% used [0x00000000e0400000,0x00000000e0d34b80,0x00000000e4500000)
  from space 6656K, 66% used [0x00000000e4d80000,0x00000000e51d2148,0x00000000e5400000)
  to   space 7680K, 0% used [0x00000000e4500000,0x00000000e4500000,0x00000000e4c80000)
 ParOldGen       total 46080K, used 10569K [0x00000000a0c00000, 0x00000000a3900000, 0x00000000e0400000)
  object space 46080K, 22% used [0x00000000a0c00000,0x00000000a16526b0,0x00000000a3900000)
 Metaspace       used 33298K, capacity 35370K, committed 35456K, reserved 1079296K
  class space    used 4513K, capacity 4919K, committed 4992K, reserved 1048576K
Event: 10.712 GC heap after
Heap after GC invocations=14 (full 1):
 PSYoungGen      total 74240K, used 1015K [0x00000000e0400000, 0x00000000e6b80000, 0x0000000100000000)
  eden space 66560K, 0% used [0x00000000e0400000,0x00000000e0400000,0x00000000e4500000)
  from space 7680K, 13% used [0x00000000e4500000,0x00000000e45fdfb0,0x00000000e4c80000)
  to   space 7680K, 0% used [0x00000000e6400000,0x00000000e6400000,0x00000000e6b80000)
 ParOldGen       total 46080K, used 12233K [0x00000000a0c00000, 0x00000000a3900000, 0x00000000e0400000)
  object space 46080K, 26% used [0x00000000a0c00000,0x00000000a17f26b0,0x00000000a3900000)
 Metaspace       used 33298K, capacity 35370K, committed 35456K, reserved 1079296K
  class space    used 4513K, capacity 4919K, committed 4992K, reserved 1048576K
}
Event: 10.712 GC heap before
{Heap before GC invocations=15 (full 2):
 PSYoungGen      total 74240K, used 1015K [0x00000000e0400000, 0x00000000e6b80000, 0x0000000100000000)
  eden space 66560K, 0% used [0x00000000e0400000,0x00000000e0400000,0x00000000e4500000)
  from space 7680K, 13% used [0x00000000e4500000,0x00000000e45fdfb0,0x00000000e4c80000)
  to   space 7680K, 0% used [0x00000000e6400000,0x00000000e6400000,0x00000000e6b80000)
 ParOldGen       total 46080K, used 12233K [0x00000000a0c00000, 0x00000000a3900000, 0x00000000e0400000)
  object space 46080K, 26% used [0x00000000a0c00000,0x00000000a17f26b0,0x00000000a3900000)
 Metaspace       used 33298K, capacity 35370K, committed 35456K, reserved 1079296K
  class space    used 4513K, capacity 4919K, committed 4992K, reserved 1048576K
Event: 10.782 GC heap after
Heap after GC invocations=15 (full 2):
 PSYoungGen      total 74240K, used 0K [0x00000000e0400000, 0x00000000e6b80000, 0x0000000100000000)
  eden space 66560K, 0% used [0x00000000e0400000,0x00000000e0400000,0x00000000e4500000)
  from space 7680K, 0% used [0x00000000e4500000,0x00000000e4500000,0x00000000e4c80000)
  to   space 7680K, 0% used [0x00000000e6400000,0x00000000e6400000,0x00000000e6b80000)
 ParOldGen       total 46080K, used 10804K [0x00000000a0c00000, 0x00000000a3900000, 0x00000000e0400000)
  object space 46080K, 23% used [0x00000000a0c00000,0x00000000a168d240,0x00000000a3900000)
 Metaspace       used 33298K, capacity 35370K, committed 35456K, reserved 1079296K
  class space    used 4513K, capacity 4919K, committed 4992K, reserved 1048576K
}

